{"contracts/ARIAVault.sol":{"l":{"85":30,"86":25,"100":144,"101":143,"102":143,"103":143,"104":143,"106":143,"107":143,"123":59,"124":58,"126":56,"128":54,"129":53,"132":54,"133":52,"135":52,"148":16,"149":16,"151":15,"153":15,"158":13,"159":12,"161":1,"164":13,"166":13,"173":2,"174":1,"175":1,"176":1,"181":7,"182":7,"187":7,"188":5,"189":5,"194":7,"195":5,"196":5,"201":37,"202":37,"203":36,"204":36,"209":2,"210":1,"211":1,"216":45,"217":44,"218":43,"219":43,"224":2,"225":1,"226":1,"231":24,"232":23,"233":23,"238":1,"239":1,"244":9,"249":1,"289":23,"290":22,"291":21,"292":18,"293":18,"294":18,"295":18,"297":16,"298":16,"299":16,"301":16,"303":16,"308":14,"309":14,"310":5,"311":5,"313":0,"315":5,"316":5,"319":14,"320":14,"324":14,"326":14,"327":14,"328":14,"330":14,"332":14,"333":14,"335":13,"336":13,"338":0,"340":13,"342":13,"349":10,"365":31,"366":31,"368":30,"369":30,"371":8,"373":8,"375":5,"376":5,"378":5,"379":5,"380":5,"382":5,"383":5,"385":0,"388":5,"389":5,"407":14,"413":5,"414":5,"416":5,"417":5,"418":5,"424":2},"path":"/home/d3f4ult/Desktop/ARIA/aria-contracts/contracts/ARIAVault.sol","s":{"1":30,"2":144,"3":143,"4":143,"5":59,"6":58,"7":56,"8":54,"9":54,"10":52,"11":16,"12":16,"13":15,"14":15,"15":13,"16":13,"17":13,"18":2,"19":1,"20":1,"21":7,"22":7,"23":5,"24":7,"25":5,"26":37,"27":37,"28":36,"29":2,"30":1,"31":45,"32":44,"33":43,"34":2,"35":1,"36":24,"37":23,"38":1,"39":9,"40":1,"41":23,"42":22,"43":21,"44":18,"45":18,"46":18,"47":18,"48":16,"49":16,"50":16,"51":16,"52":16,"53":14,"54":14,"55":5,"56":5,"57":5,"58":14,"59":14,"60":14,"61":14,"62":14,"63":14,"64":14,"65":14,"66":14,"67":13,"68":13,"69":10,"70":31,"71":31,"72":1,"73":30,"74":30,"75":22,"76":8,"77":3,"78":5,"79":5,"80":0,"81":5,"82":5,"83":0,"84":5,"85":5,"86":5,"87":5,"88":14,"89":9,"90":5,"91":5,"92":5,"93":5,"94":5,"95":2},"b":{"1":[25,5],"2":[143,1],"3":[62,2],"4":[60,2],"5":[59,1],"6":[58,1],"7":[56,2],"8":[54,2],"9":[53,1],"10":[17,3],"11":[16,1],"12":[16,0],"13":[15,1],"14":[13,2],"15":[12,1],"16":[2,3],"17":[1,1],"18":[7,1],"19":[7,2],"20":[5,2],"21":[7,2],"22":[5,2],"23":[37,3],"24":[37,0],"25":[36,1],"26":[2,2],"27":[1,1],"28":[45,1],"29":[44,1],"30":[43,1],"31":[2,0],"32":[1,1],"33":[24,1],"34":[23,1],"35":[1,1],"36":[9,2],"37":[1,2],"38":[25,5],"39":[23,2],"40":[23,0],"41":[22,1],"42":[21,1],"43":[18,3],"44":[18,0],"45":[18,0],"46":[18,0],"47":[16,2],"48":[16,0],"49":[16,0],"50":[14,2],"51":[5,9],"52":[5,0],"53":[14,0],"54":[14,0],"55":[13,1],"56":[13,0],"57":[1,30],"58":[22,8],"59":[3,5],"60":[2,1],"61":[0,5],"62":[0,5],"63":[0,5],"64":[5,0],"65":[9,5],"66":[1,7],"67":[7,1],"68":[1,4],"69":[0,5],"70":[2,0]},"f":{"1":30,"2":144,"3":59,"4":16,"5":2,"6":7,"7":7,"8":7,"9":37,"10":2,"11":45,"12":2,"13":24,"14":1,"15":9,"16":1,"17":23,"18":10,"19":31,"20":14,"21":2},"fnMap":{"1":{"name":"onlyAgent","line":84,"loc":{"start":{"line":84,"column":4},"end":{"line":87,"column":4}}},"2":{"name":"constructor","line":98,"loc":{"start":{"line":97,"column":4},"end":{"line":108,"column":4}}},"3":{"name":"deposit","line":121,"loc":{"start":{"line":117,"column":4},"end":{"line":136,"column":4}}},"4":{"name":"withdraw","line":146,"loc":{"start":{"line":143,"column":4},"end":{"line":167,"column":4}}},"5":{"name":"setAgent","line":172,"loc":{"start":{"line":172,"column":4},"end":{"line":177,"column":4}}},"6":{"name":"setFeeRecipient","line":180,"loc":{"start":{"line":180,"column":4},"end":{"line":183,"column":4}}},"7":{"name":"setPerformanceFeeBps","line":186,"loc":{"start":{"line":186,"column":4},"end":{"line":190,"column":4}}},"8":{"name":"setManagementFeeBps","line":193,"loc":{"start":{"line":193,"column":4},"end":{"line":197,"column":4}}},"9":{"name":"addApprovedProtocol","line":200,"loc":{"start":{"line":200,"column":4},"end":{"line":205,"column":4}}},"10":{"name":"removeApprovedProtocol","line":208,"loc":{"start":{"line":208,"column":4},"end":{"line":212,"column":4}}},"11":{"name":"addApprovedToken","line":215,"loc":{"start":{"line":215,"column":4},"end":{"line":220,"column":4}}},"12":{"name":"removeApprovedToken","line":223,"loc":{"start":{"line":223,"column":4},"end":{"line":227,"column":4}}},"13":{"name":"addApprovedSelector","line":230,"loc":{"start":{"line":230,"column":4},"end":{"line":234,"column":4}}},"14":{"name":"removeApprovedSelector","line":237,"loc":{"start":{"line":237,"column":4},"end":{"line":240,"column":4}}},"15":{"name":"pause","line":243,"loc":{"start":{"line":243,"column":4},"end":{"line":245,"column":4}}},"16":{"name":"unpause","line":248,"loc":{"start":{"line":248,"column":4},"end":{"line":250,"column":4}}},"17":{"name":"reallocate","line":288,"loc":{"start":{"line":279,"column":4},"end":{"line":343,"column":4}}},"18":{"name":"getBalance","line":348,"loc":{"start":{"line":348,"column":4},"end":{"line":350,"column":4}}},"19":{"name":"_accrueManagementFee","line":364,"loc":{"start":{"line":364,"column":4},"end":{"line":390,"column":4}}},"20":{"name":"_calcPerformanceFee","line":402,"loc":{"start":{"line":402,"column":4},"end":{"line":419,"column":4}}},"21":{"name":"renounceOwnership","line":423,"loc":{"start":{"line":423,"column":4},"end":{"line":425,"column":4}}}},"statementMap":{"1":{"start":{"line":85,"column":8},"end":{"line":85,"column":59}},"2":{"start":{"line":100,"column":8},"end":{"line":100,"column":67}},"3":{"start":{"line":106,"column":8},"end":{"line":106,"column":51}},"4":{"start":{"line":107,"column":8},"end":{"line":107,"column":47}},"5":{"start":{"line":123,"column":8},"end":{"line":123,"column":60}},"6":{"start":{"line":124,"column":8},"end":{"line":124,"column":52}},"7":{"start":{"line":126,"column":8},"end":{"line":126,"column":84}},"8":{"start":{"line":128,"column":8},"end":{"line":128,"column":5555}},"9":{"start":{"line":132,"column":8},"end":{"line":132,"column":72}},"10":{"start":{"line":135,"column":8},"end":{"line":135,"column":37}},"11":{"start":{"line":148,"column":8},"end":{"line":148,"column":60}},"12":{"start":{"line":149,"column":8},"end":{"line":149,"column":52}},"13":{"start":{"line":151,"column":8},"end":{"line":151,"column":34}},"14":{"start":{"line":153,"column":8},"end":{"line":153,"column":6310}},"15":{"start":{"line":158,"column":8},"end":{"line":158,"column":6447}},"16":{"start":{"line":164,"column":8},"end":{"line":164,"column":53}},"17":{"start":{"line":166,"column":8},"end":{"line":166,"column":37}},"18":{"start":{"line":173,"column":8},"end":{"line":173,"column":63}},"19":{"start":{"line":174,"column":8},"end":{"line":174,"column":27}},"20":{"start":{"line":176,"column":8},"end":{"line":176,"column":40}},"21":{"start":{"line":182,"column":8},"end":{"line":182,"column":47}},"22":{"start":{"line":187,"column":8},"end":{"line":187,"column":89}},"23":{"start":{"line":189,"column":8},"end":{"line":189,"column":43}},"24":{"start":{"line":194,"column":8},"end":{"line":194,"column":87}},"25":{"start":{"line":196,"column":8},"end":{"line":196,"column":42}},"26":{"start":{"line":201,"column":8},"end":{"line":201,"column":66}},"27":{"start":{"line":202,"column":8},"end":{"line":202,"column":75}},"28":{"start":{"line":204,"column":8},"end":{"line":204,"column":36}},"29":{"start":{"line":209,"column":8},"end":{"line":209,"column":70}},"30":{"start":{"line":211,"column":8},"end":{"line":211,"column":38}},"31":{"start":{"line":216,"column":8},"end":{"line":216,"column":60}},"32":{"start":{"line":217,"column":8},"end":{"line":217,"column":75}},"33":{"start":{"line":219,"column":8},"end":{"line":219,"column":33}},"34":{"start":{"line":224,"column":8},"end":{"line":224,"column":70}},"35":{"start":{"line":226,"column":8},"end":{"line":226,"column":32}},"36":{"start":{"line":231,"column":8},"end":{"line":231,"column":79}},"37":{"start":{"line":233,"column":8},"end":{"line":233,"column":49}},"38":{"start":{"line":239,"column":8},"end":{"line":239,"column":48}},"39":{"start":{"line":244,"column":8},"end":{"line":244,"column":15}},"40":{"start":{"line":249,"column":8},"end":{"line":249,"column":17}},"41":{"start":{"line":289,"column":8},"end":{"line":289,"column":65}},"42":{"start":{"line":290,"column":8},"end":{"line":290,"column":66}},"43":{"start":{"line":291,"column":8},"end":{"line":291,"column":79}},"44":{"start":{"line":292,"column":8},"end":{"line":292,"column":75}},"45":{"start":{"line":293,"column":8},"end":{"line":293,"column":76}},"46":{"start":{"line":294,"column":8},"end":{"line":294,"column":52}},"47":{"start":{"line":295,"column":8},"end":{"line":295,"column":71}},"48":{"start":{"line":297,"column":8},"end":{"line":297,"column":65}},"49":{"start":{"line":298,"column":8},"end":{"line":298,"column":42}},"50":{"start":{"line":299,"column":8},"end":{"line":299,"column":89}},"51":{"start":{"line":301,"column":8},"end":{"line":301,"column":36}},"52":{"start":{"line":303,"column":8},"end":{"line":303,"column":12625}},"53":{"start":{"line":308,"column":8},"end":{"line":308,"column":80}},"54":{"start":{"line":309,"column":8},"end":{"line":309,"column":12846}},"55":{"start":{"line":310,"column":12},"end":{"line":310,"column":12881}},"56":{"start":{"line":315,"column":12},"end":{"line":315,"column":62}},"57":{"start":{"line":316,"column":12},"end":{"line":316,"column":70}},"58":{"start":{"line":319,"column":8},"end":{"line":319,"column":44}},"59":{"start":{"line":320,"column":8},"end":{"line":320,"column":62}},"60":{"start":{"line":324,"column":8},"end":{"line":324,"column":74}},"61":{"start":{"line":326,"column":8},"end":{"line":326,"column":56}},"62":{"start":{"line":327,"column":8},"end":{"line":327,"column":46}},"63":{"start":{"line":328,"column":8},"end":{"line":328,"column":48}},"64":{"start":{"line":330,"column":8},"end":{"line":330,"column":58}},"65":{"start":{"line":332,"column":8},"end":{"line":332,"column":85}},"66":{"start":{"line":333,"column":8},"end":{"line":333,"column":74}},"67":{"start":{"line":335,"column":8},"end":{"line":335,"column":13920}},"68":{"start":{"line":342,"column":8},"end":{"line":342,"column":74}},"69":{"start":{"line":349,"column":8},"end":{"line":349,"column":53}},"70":{"start":{"line":365,"column":8},"end":{"line":365,"column":48}},"71":{"start":{"line":366,"column":8},"end":{"line":366,"column":31}},"72":{"start":{"line":366,"column":25},"end":{"line":366,"column":31}},"73":{"start":{"line":368,"column":8},"end":{"line":368,"column":50}},"74":{"start":{"line":369,"column":8},"end":{"line":369,"column":46}},"75":{"start":{"line":369,"column":40},"end":{"line":369,"column":46}},"76":{"start":{"line":373,"column":8},"end":{"line":373,"column":71}},"77":{"start":{"line":373,"column":65},"end":{"line":373,"column":71}},"78":{"start":{"line":375,"column":8},"end":{"line":375,"column":64}},"79":{"start":{"line":376,"column":8},"end":{"line":376,"column":32}},"80":{"start":{"line":376,"column":26},"end":{"line":376,"column":32}},"81":{"start":{"line":378,"column":8},"end":{"line":378,"column":82}},"82":{"start":{"line":379,"column":8},"end":{"line":379,"column":28}},"83":{"start":{"line":379,"column":22},"end":{"line":379,"column":28}},"84":{"start":{"line":380,"column":8},"end":{"line":380,"column":40}},"85":{"start":{"line":382,"column":8},"end":{"line":382,"column":15674}},"86":{"start":{"line":388,"column":8},"end":{"line":388,"column":52}},"87":{"start":{"line":389,"column":8},"end":{"line":389,"column":59}},"88":{"start":{"line":407,"column":8},"end":{"line":407,"column":16530}},"89":{"start":{"line":411,"column":10},"end":{"line":411,"column":18}},"90":{"start":{"line":413,"column":8},"end":{"line":413,"column":53}},"91":{"start":{"line":414,"column":8},"end":{"line":414,"column":89}},"92":{"start":{"line":416,"column":8},"end":{"line":416,"column":58}},"93":{"start":{"line":417,"column":8},"end":{"line":417,"column":61}},"94":{"start":{"line":418,"column":8},"end":{"line":418,"column":42}},"95":{"start":{"line":424,"column":8},"end":{"line":424,"column":57}}},"branchMap":{"1":{"line":85,"type":"if","locations":[{"start":{"line":85,"column":8},"end":{"line":85,"column":8}},{"start":{"line":85,"column":8},"end":{"line":85,"column":8}}]},"2":{"line":100,"type":"if","locations":[{"start":{"line":100,"column":8},"end":{"line":100,"column":8}},{"start":{"line":100,"column":8},"end":{"line":100,"column":8}}]},"3":{"line":119,"type":"if","locations":[{"start":{"line":119,"column":8},"end":{"line":119,"column":8}},{"start":{"line":119,"column":8},"end":{"line":119,"column":8}}]},"4":{"line":120,"type":"if","locations":[{"start":{"line":120,"column":8},"end":{"line":120,"column":8}},{"start":{"line":120,"column":8},"end":{"line":120,"column":8}}]},"5":{"line":121,"type":"if","locations":[{"start":{"line":121,"column":8},"end":{"line":121,"column":8}},{"start":{"line":121,"column":8},"end":{"line":121,"column":8}}]},"6":{"line":123,"type":"if","locations":[{"start":{"line":123,"column":8},"end":{"line":123,"column":8}},{"start":{"line":123,"column":8},"end":{"line":123,"column":8}}]},"7":{"line":124,"type":"if","locations":[{"start":{"line":124,"column":8},"end":{"line":124,"column":8}},{"start":{"line":124,"column":8},"end":{"line":124,"column":8}}]},"8":{"line":126,"type":"if","locations":[{"start":{"line":126,"column":8},"end":{"line":126,"column":8}},{"start":{"line":126,"column":8},"end":{"line":126,"column":8}}]},"9":{"line":128,"type":"if","locations":[{"start":{"line":128,"column":8},"end":{"line":128,"column":8}},{"start":{"line":128,"column":8},"end":{"line":128,"column":8}}]},"10":{"line":145,"type":"if","locations":[{"start":{"line":145,"column":8},"end":{"line":145,"column":8}},{"start":{"line":145,"column":8},"end":{"line":145,"column":8}}]},"11":{"line":146,"type":"if","locations":[{"start":{"line":146,"column":8},"end":{"line":146,"column":8}},{"start":{"line":146,"column":8},"end":{"line":146,"column":8}}]},"12":{"line":148,"type":"if","locations":[{"start":{"line":148,"column":8},"end":{"line":148,"column":8}},{"start":{"line":148,"column":8},"end":{"line":148,"column":8}}]},"13":{"line":149,"type":"if","locations":[{"start":{"line":149,"column":8},"end":{"line":149,"column":8}},{"start":{"line":149,"column":8},"end":{"line":149,"column":8}}]},"14":{"line":153,"type":"if","locations":[{"start":{"line":153,"column":8},"end":{"line":153,"column":8}},{"start":{"line":153,"column":8},"end":{"line":153,"column":8}}]},"15":{"line":158,"type":"if","locations":[{"start":{"line":158,"column":8},"end":{"line":158,"column":8}},{"start":{"line":158,"column":8},"end":{"line":158,"column":8}}]},"16":{"line":172,"type":"if","locations":[{"start":{"line":172,"column":49},"end":{"line":172,"column":49}},{"start":{"line":172,"column":49},"end":{"line":172,"column":49}}]},"17":{"line":173,"type":"if","locations":[{"start":{"line":173,"column":8},"end":{"line":173,"column":8}},{"start":{"line":173,"column":8},"end":{"line":173,"column":8}}]},"18":{"line":180,"type":"if","locations":[{"start":{"line":180,"column":61},"end":{"line":180,"column":61}},{"start":{"line":180,"column":61},"end":{"line":180,"column":61}}]},"19":{"line":186,"type":"if","locations":[{"start":{"line":186,"column":57},"end":{"line":186,"column":57}},{"start":{"line":186,"column":57},"end":{"line":186,"column":57}}]},"20":{"line":187,"type":"if","locations":[{"start":{"line":187,"column":8},"end":{"line":187,"column":8}},{"start":{"line":187,"column":8},"end":{"line":187,"column":8}}]},"21":{"line":193,"type":"if","locations":[{"start":{"line":193,"column":56},"end":{"line":193,"column":56}},{"start":{"line":193,"column":56},"end":{"line":193,"column":56}}]},"22":{"line":194,"type":"if","locations":[{"start":{"line":194,"column":8},"end":{"line":194,"column":8}},{"start":{"line":194,"column":8},"end":{"line":194,"column":8}}]},"23":{"line":200,"type":"if","locations":[{"start":{"line":200,"column":60},"end":{"line":200,"column":60}},{"start":{"line":200,"column":60},"end":{"line":200,"column":60}}]},"24":{"line":201,"type":"if","locations":[{"start":{"line":201,"column":8},"end":{"line":201,"column":8}},{"start":{"line":201,"column":8},"end":{"line":201,"column":8}}]},"25":{"line":202,"type":"if","locations":[{"start":{"line":202,"column":8},"end":{"line":202,"column":8}},{"start":{"line":202,"column":8},"end":{"line":202,"column":8}}]},"26":{"line":208,"type":"if","locations":[{"start":{"line":208,"column":63},"end":{"line":208,"column":63}},{"start":{"line":208,"column":63},"end":{"line":208,"column":63}}]},"27":{"line":209,"type":"if","locations":[{"start":{"line":209,"column":8},"end":{"line":209,"column":8}},{"start":{"line":209,"column":8},"end":{"line":209,"column":8}}]},"28":{"line":215,"type":"if","locations":[{"start":{"line":215,"column":54},"end":{"line":215,"column":54}},{"start":{"line":215,"column":54},"end":{"line":215,"column":54}}]},"29":{"line":216,"type":"if","locations":[{"start":{"line":216,"column":8},"end":{"line":216,"column":8}},{"start":{"line":216,"column":8},"end":{"line":216,"column":8}}]},"30":{"line":217,"type":"if","locations":[{"start":{"line":217,"column":8},"end":{"line":217,"column":8}},{"start":{"line":217,"column":8},"end":{"line":217,"column":8}}]},"31":{"line":223,"type":"if","locations":[{"start":{"line":223,"column":57},"end":{"line":223,"column":57}},{"start":{"line":223,"column":57},"end":{"line":223,"column":57}}]},"32":{"line":224,"type":"if","locations":[{"start":{"line":224,"column":8},"end":{"line":224,"column":8}},{"start":{"line":224,"column":8},"end":{"line":224,"column":8}}]},"33":{"line":230,"type":"if","locations":[{"start":{"line":230,"column":77},"end":{"line":230,"column":77}},{"start":{"line":230,"column":77},"end":{"line":230,"column":77}}]},"34":{"line":231,"type":"if","locations":[{"start":{"line":231,"column":8},"end":{"line":231,"column":8}},{"start":{"line":231,"column":8},"end":{"line":231,"column":8}}]},"35":{"line":237,"type":"if","locations":[{"start":{"line":237,"column":80},"end":{"line":237,"column":80}},{"start":{"line":237,"column":80},"end":{"line":237,"column":80}}]},"36":{"line":243,"type":"if","locations":[{"start":{"line":243,"column":30},"end":{"line":243,"column":30}},{"start":{"line":243,"column":30},"end":{"line":243,"column":30}}]},"37":{"line":248,"type":"if","locations":[{"start":{"line":248,"column":32},"end":{"line":248,"column":32}},{"start":{"line":248,"column":32},"end":{"line":248,"column":32}}]},"38":{"line":288,"type":"if","locations":[{"start":{"line":288,"column":15},"end":{"line":288,"column":15}},{"start":{"line":288,"column":15},"end":{"line":288,"column":15}}]},"39":{"line":288,"type":"if","locations":[{"start":{"line":288,"column":25},"end":{"line":288,"column":25}},{"start":{"line":288,"column":25},"end":{"line":288,"column":25}}]},"40":{"line":288,"type":"if","locations":[{"start":{"line":288,"column":39},"end":{"line":288,"column":39}},{"start":{"line":288,"column":39},"end":{"line":288,"column":39}}]},"41":{"line":289,"type":"if","locations":[{"start":{"line":289,"column":8},"end":{"line":289,"column":8}},{"start":{"line":289,"column":8},"end":{"line":289,"column":8}}]},"42":{"line":290,"type":"if","locations":[{"start":{"line":290,"column":8},"end":{"line":290,"column":8}},{"start":{"line":290,"column":8},"end":{"line":290,"column":8}}]},"43":{"line":291,"type":"if","locations":[{"start":{"line":291,"column":8},"end":{"line":291,"column":8}},{"start":{"line":291,"column":8},"end":{"line":291,"column":8}}]},"44":{"line":292,"type":"if","locations":[{"start":{"line":292,"column":8},"end":{"line":292,"column":8}},{"start":{"line":292,"column":8},"end":{"line":292,"column":8}}]},"45":{"line":293,"type":"if","locations":[{"start":{"line":293,"column":8},"end":{"line":293,"column":8}},{"start":{"line":293,"column":8},"end":{"line":293,"column":8}}]},"46":{"line":294,"type":"if","locations":[{"start":{"line":294,"column":8},"end":{"line":294,"column":8}},{"start":{"line":294,"column":8},"end":{"line":294,"column":8}}]},"47":{"line":295,"type":"if","locations":[{"start":{"line":295,"column":8},"end":{"line":295,"column":8}},{"start":{"line":295,"column":8},"end":{"line":295,"column":8}}]},"48":{"line":297,"type":"if","locations":[{"start":{"line":297,"column":8},"end":{"line":297,"column":8}},{"start":{"line":297,"column":8},"end":{"line":297,"column":8}}]},"49":{"line":299,"type":"if","locations":[{"start":{"line":299,"column":8},"end":{"line":299,"column":8}},{"start":{"line":299,"column":8},"end":{"line":299,"column":8}}]},"50":{"line":303,"type":"if","locations":[{"start":{"line":303,"column":8},"end":{"line":303,"column":8}},{"start":{"line":303,"column":8},"end":{"line":303,"column":8}}]},"51":{"line":309,"type":"if","locations":[{"start":{"line":309,"column":8},"end":{"line":309,"column":8}},{"start":{"line":309,"column":8},"end":{"line":309,"column":8}}]},"52":{"line":310,"type":"if","locations":[{"start":{"line":310,"column":12},"end":{"line":310,"column":12}},{"start":{"line":310,"column":12},"end":{"line":310,"column":12}}]},"53":{"line":320,"type":"if","locations":[{"start":{"line":320,"column":8},"end":{"line":320,"column":8}},{"start":{"line":320,"column":8},"end":{"line":320,"column":8}}]},"54":{"line":330,"type":"if","locations":[{"start":{"line":330,"column":8},"end":{"line":330,"column":8}},{"start":{"line":330,"column":8},"end":{"line":330,"column":8}}]},"55":{"line":333,"type":"if","locations":[{"start":{"line":333,"column":8},"end":{"line":333,"column":8}},{"start":{"line":333,"column":8},"end":{"line":333,"column":8}}]},"56":{"line":335,"type":"if","locations":[{"start":{"line":335,"column":8},"end":{"line":335,"column":8}},{"start":{"line":335,"column":8},"end":{"line":335,"column":8}}]},"57":{"line":366,"type":"if","locations":[{"start":{"line":366,"column":8},"end":{"line":366,"column":8}},{"start":{"line":366,"column":8},"end":{"line":366,"column":8}}]},"58":{"line":369,"type":"if","locations":[{"start":{"line":369,"column":8},"end":{"line":369,"column":8}},{"start":{"line":369,"column":8},"end":{"line":369,"column":8}}]},"59":{"line":373,"type":"if","locations":[{"start":{"line":373,"column":8},"end":{"line":373,"column":8}},{"start":{"line":373,"column":8},"end":{"line":373,"column":8}}]},"60":{"line":373,"type":"cond-expr","locations":[{"start":{"line":373,"column":12},"end":{"line":373,"column":37}},{"start":{"line":373,"column":42},"end":{"line":373,"column":62}}]},"61":{"line":376,"type":"if","locations":[{"start":{"line":376,"column":8},"end":{"line":376,"column":8}},{"start":{"line":376,"column":8},"end":{"line":376,"column":8}}]},"62":{"line":379,"type":"if","locations":[{"start":{"line":379,"column":8},"end":{"line":379,"column":8}},{"start":{"line":379,"column":8},"end":{"line":379,"column":8}}]},"63":{"line":380,"type":"if","locations":[{"start":{"line":380,"column":8},"end":{"line":380,"column":8}},{"start":{"line":380,"column":8},"end":{"line":380,"column":8}}]},"64":{"line":382,"type":"if","locations":[{"start":{"line":382,"column":8},"end":{"line":382,"column":8}},{"start":{"line":382,"column":8},"end":{"line":382,"column":8}}]},"65":{"line":407,"type":"if","locations":[{"start":{"line":407,"column":8},"end":{"line":407,"column":8}},{"start":{"line":407,"column":8},"end":{"line":407,"column":8}}]},"66":{"line":408,"type":"cond-expr","locations":[{"start":{"line":408,"column":12},"end":{"line":408,"column":37}},{"start":{"line":409,"column":12},"end":{"line":409,"column":38}}]},"67":{"line":408,"type":"cond-expr","locations":[{"start":{"line":408,"column":12},"end":{"line":409,"column":38}},{"start":{"line":410,"column":12},"end":{"line":410,"column":33}}]},"68":{"line":414,"type":"if","locations":[{"start":{"line":414,"column":61},"end":{"line":414,"column":77}},{"start":{"line":414,"column":81},"end":{"line":414,"column":88}}]},"69":{"line":418,"type":"if","locations":[{"start":{"line":418,"column":30},"end":{"line":418,"column":35}},{"start":{"line":418,"column":39},"end":{"line":418,"column":41}}]},"70":{"line":423,"type":"if","locations":[{"start":{"line":423,"column":54},"end":{"line":423,"column":54}},{"start":{"line":423,"column":54},"end":{"line":423,"column":54}}]}}},"contracts/ARIAVaultFactory.sol":{"l":{"16":64,"17":63,"18":63,"22":16,"24":14,"30":14,"31":14,"33":14,"34":14,"38":10,"42":7,"46":6},"path":"/home/d3f4ult/Desktop/ARIA/aria-contracts/contracts/ARIAVaultFactory.sol","s":{"1":64,"2":16,"3":14,"4":14,"5":14,"6":14,"7":10,"8":7,"9":6},"b":{"1":[63,1],"2":[14,2]},"f":{"1":64,"2":16,"3":10,"4":7,"5":6},"fnMap":{"1":{"name":"constructor","line":15,"loc":{"start":{"line":15,"column":4},"end":{"line":19,"column":4}}},"2":{"name":"createVault","line":21,"loc":{"start":{"line":21,"column":4},"end":{"line":35,"column":4}}},"3":{"name":"getVault","line":37,"loc":{"start":{"line":37,"column":4},"end":{"line":39,"column":4}}},"4":{"name":"hasVault","line":41,"loc":{"start":{"line":41,"column":4},"end":{"line":43,"column":4}}},"5":{"name":"totalVaults","line":45,"loc":{"start":{"line":45,"column":4},"end":{"line":47,"column":4}}}},"statementMap":{"1":{"start":{"line":16,"column":8},"end":{"line":16,"column":75}},"2":{"start":{"line":22,"column":8},"end":{"line":22,"column":72}},"3":{"start":{"line":24,"column":8},"end":{"line":24,"column":726}},"4":{"start":{"line":31,"column":8},"end":{"line":31,"column":37}},"5":{"start":{"line":33,"column":8},"end":{"line":33,"column":53}},"6":{"start":{"line":34,"column":8},"end":{"line":34,"column":29}},"7":{"start":{"line":38,"column":8},"end":{"line":38,"column":28}},"8":{"start":{"line":42,"column":8},"end":{"line":42,"column":42}},"9":{"start":{"line":46,"column":8},"end":{"line":46,"column":31}}},"branchMap":{"1":{"line":16,"type":"if","locations":[{"start":{"line":16,"column":8},"end":{"line":16,"column":8}},{"start":{"line":16,"column":8},"end":{"line":16,"column":8}}]},"2":{"line":22,"type":"if","locations":[{"start":{"line":22,"column":8},"end":{"line":22,"column":8}},{"start":{"line":22,"column":8},"end":{"line":22,"column":8}}]}}},"contracts/interfaces/IARIAVault.sol":{"l":{},"path":"/home/d3f4ult/Desktop/ARIA/aria-contracts/contracts/interfaces/IARIAVault.sol","s":{},"b":{},"f":{},"fnMap":{},"statementMap":{},"branchMap":{}},"contracts/test/MaliciousProtocol.sol":{"l":{"28":3,"41":1,"42":1,"43":1,"45":1,"47":1,"57":0,"59":0,"72":0,"82":0},"path":"/home/d3f4ult/Desktop/ARIA/aria-contracts/contracts/test/MaliciousProtocol.sol","s":{"1":1,"2":1,"3":0,"4":0,"5":0,"6":0,"7":0,"8":0,"9":0,"10":0,"11":0,"12":0,"13":0},"b":{"1":[1,0],"2":[0,0],"3":[0,0],"4":[0,0]},"f":{"1":3,"2":1,"3":0,"4":0,"5":0,"6":0,"7":0},"fnMap":{"1":{"name":"setMode","line":27,"loc":{"start":{"line":27,"column":4},"end":{"line":29,"column":4}}},"2":{"name":"swap","line":35,"loc":{"start":{"line":35,"column":4},"end":{"line":76,"column":4}}},"3":{"name":"transferFrom","line":81,"loc":{"start":{"line":81,"column":4},"end":{"line":83,"column":4}}},"4":{"name":"transfer","line":84,"loc":{"start":{"line":84,"column":4},"end":{"line":84,"column":84}}},"5":{"name":"balanceOf","line":85,"loc":{"start":{"line":85,"column":4},"end":{"line":85,"column":76}}},"6":{"name":"allowance","line":86,"loc":{"start":{"line":86,"column":4},"end":{"line":86,"column":85}}},"7":{"name":"approve","line":87,"loc":{"start":{"line":87,"column":4},"end":{"line":87,"column":83}}}},"statementMap":{"1":{"start":{"line":45,"column":8},"end":{"line":45,"column":1230}},"2":{"start":{"line":47,"column":12},"end":{"line":47,"column":1354}},"3":{"start":{"line":54,"column":15},"end":{"line":54,"column":1608}},"4":{"start":{"line":57,"column":12},"end":{"line":57,"column":72}},"5":{"start":{"line":59,"column":12},"end":{"line":59,"column":1971}},"6":{"start":{"line":63,"column":15},"end":{"line":63,"column":2120}},"7":{"start":{"line":69,"column":15},"end":{"line":69,"column":2498}},"8":{"start":{"line":72,"column":12},"end":{"line":72,"column":2706}},"9":{"start":{"line":82,"column":8},"end":{"line":82,"column":19}},"10":{"start":{"line":84,"column":71},"end":{"line":84,"column":82}},"11":{"start":{"line":85,"column":66},"end":{"line":85,"column":74}},"12":{"start":{"line":86,"column":75},"end":{"line":86,"column":83}},"13":{"start":{"line":87,"column":70},"end":{"line":87,"column":81}}},"branchMap":{"1":{"line":45,"type":"if","locations":[{"start":{"line":45,"column":8},"end":{"line":45,"column":8}},{"start":{"line":45,"column":8},"end":{"line":45,"column":8}}]},"2":{"line":54,"type":"if","locations":[{"start":{"line":54,"column":15},"end":{"line":54,"column":15}},{"start":{"line":54,"column":15},"end":{"line":54,"column":15}}]},"3":{"line":63,"type":"if","locations":[{"start":{"line":63,"column":15},"end":{"line":63,"column":15}},{"start":{"line":63,"column":15},"end":{"line":63,"column":15}}]},"4":{"line":69,"type":"if","locations":[{"start":{"line":69,"column":15},"end":{"line":69,"column":15}},{"start":{"line":69,"column":15},"end":{"line":69,"column":15}}]}}},"contracts/test/MaliciousReentrant.sol":{"l":{"36":1,"40":0,"44":0,"45":0,"49":0,"57":1,"58":1,"59":1,"60":1,"62":1,"64":1,"71":1,"79":1,"80":1,"82":1,"84":1,"91":1,"100":1,"101":1,"102":1,"105":1,"106":1,"108":1,"109":1,"116":1,"117":1,"118":1,"121":1,"123":1,"124":1,"138":0,"140":0},"path":"/home/d3f4ult/Desktop/ARIA/aria-contracts/contracts/test/MaliciousReentrant.sol","s":{"1":1,"2":0,"3":0,"4":1,"5":1,"6":1,"7":1,"8":1,"9":1,"10":1,"11":1,"12":1,"13":0,"14":0},"b":{"1":[1,0],"2":[1,0],"3":[1,0],"4":[0,0]},"f":{"1":1,"2":0,"3":0,"4":0,"5":1,"6":1,"7":1,"8":1,"9":0},"fnMap":{"1":{"name":"balanceOf","line":35,"loc":{"start":{"line":35,"column":4},"end":{"line":37,"column":4}}},"2":{"name":"allowance","line":39,"loc":{"start":{"line":39,"column":4},"end":{"line":41,"column":4}}},"3":{"name":"approve","line":43,"loc":{"start":{"line":43,"column":4},"end":{"line":46,"column":4}}},"4":{"name":"mint","line":48,"loc":{"start":{"line":48,"column":4},"end":{"line":50,"column":4}}},"5":{"name":"transferFrom","line":56,"loc":{"start":{"line":56,"column":4},"end":{"line":72,"column":4}}},"6":{"name":"transfer","line":78,"loc":{"start":{"line":78,"column":4},"end":{"line":92,"column":4}}},"7":{"name":"attackDeposit","line":99,"loc":{"start":{"line":99,"column":4},"end":{"line":110,"column":4}}},"8":{"name":"attackWithdraw","line":115,"loc":{"start":{"line":115,"column":4},"end":{"line":125,"column":4}}},"9":{"name":"swap","line":132,"loc":{"start":{"line":132,"column":4},"end":{"line":149,"column":4}}}},"statementMap":{"1":{"start":{"line":36,"column":8},"end":{"line":36,"column":29}},"2":{"start":{"line":40,"column":8},"end":{"line":40,"column":42}},"3":{"start":{"line":45,"column":8},"end":{"line":45,"column":19}},"4":{"start":{"line":57,"column":8},"end":{"line":57,"column":88}},"5":{"start":{"line":62,"column":8},"end":{"line":62,"column":2182}},"6":{"start":{"line":64,"column":12},"end":{"line":64,"column":2318}},"7":{"start":{"line":71,"column":8},"end":{"line":71,"column":19}},"8":{"start":{"line":82,"column":8},"end":{"line":82,"column":2886}},"9":{"start":{"line":84,"column":12},"end":{"line":84,"column":3024}},"10":{"start":{"line":91,"column":8},"end":{"line":91,"column":19}},"11":{"start":{"line":108,"column":8},"end":{"line":108,"column":43}},"12":{"start":{"line":123,"column":8},"end":{"line":123,"column":44}},"13":{"start":{"line":138,"column":8},"end":{"line":138,"column":4678}},"14":{"start":{"line":140,"column":12},"end":{"line":140,"column":4792}}},"branchMap":{"1":{"line":57,"type":"if","locations":[{"start":{"line":57,"column":8},"end":{"line":57,"column":8}},{"start":{"line":57,"column":8},"end":{"line":57,"column":8}}]},"2":{"line":62,"type":"if","locations":[{"start":{"line":62,"column":8},"end":{"line":62,"column":8}},{"start":{"line":62,"column":8},"end":{"line":62,"column":8}}]},"3":{"line":82,"type":"if","locations":[{"start":{"line":82,"column":8},"end":{"line":82,"column":8}},{"start":{"line":82,"column":8},"end":{"line":82,"column":8}}]},"4":{"line":138,"type":"if","locations":[{"start":{"line":138,"column":8},"end":{"line":138,"column":8}},{"start":{"line":138,"column":8},"end":{"line":138,"column":8}}]}}},"contracts/test/MockERC20.sol":{"l":{"11":503},"path":"/home/d3f4ult/Desktop/ARIA/aria-contracts/contracts/test/MockERC20.sol","s":{"1":503},"b":{},"f":{"1":250,"2":503},"fnMap":{"1":{"name":"constructor","line":8,"loc":{"start":{"line":8,"column":4},"end":{"line":8,"column":79}}},"2":{"name":"mint","line":10,"loc":{"start":{"line":10,"column":4},"end":{"line":12,"column":4}}}},"statementMap":{"1":{"start":{"line":11,"column":8},"end":{"line":11,"column":24}}},"branchMap":{}},"contracts/test/MockFeeToken.sol":{"l":{"11":1,"15":2,"16":1,"17":1,"18":1,"20":1,"30":1,"36":0,"37":0,"41":1,"42":0},"path":"/home/d3f4ult/Desktop/ARIA/aria-contracts/contracts/test/MockFeeToken.sol","s":{"1":1,"2":2,"3":1,"4":1,"5":1,"6":1,"7":1,"8":0,"9":0,"10":0,"11":1,"12":1,"13":0},"b":{"1":[1,1],"2":[0,0],"3":[1,0]},"f":{"1":1,"2":2,"3":1,"4":1,"5":0,"6":1},"fnMap":{"1":{"name":"constructor","line":10,"loc":{"start":{"line":10,"column":4},"end":{"line":12,"column":4}}},"2":{"name":"_update","line":14,"loc":{"start":{"line":14,"column":4},"end":{"line":22,"column":4}}},"3":{"name":"constructor","line":29,"loc":{"start":{"line":29,"column":4},"end":{"line":31,"column":4}}},"4":{"name":"setReturnFalse","line":33,"loc":{"start":{"line":33,"column":4},"end":{"line":33,"column":76}}},"5":{"name":"transfer","line":35,"loc":{"start":{"line":35,"column":4},"end":{"line":38,"column":4}}},"6":{"name":"transferFrom","line":40,"loc":{"start":{"line":40,"column":4},"end":{"line":43,"column":4}}}},"statementMap":{"1":{"start":{"line":11,"column":8},"end":{"line":11,"column":41}},"2":{"start":{"line":15,"column":8},"end":{"line":15,"column":471}},"3":{"start":{"line":16,"column":12},"end":{"line":16,"column":52}},"4":{"start":{"line":17,"column":12},"end":{"line":17,"column":47}},"5":{"start":{"line":18,"column":12},"end":{"line":18,"column":47}},"6":{"start":{"line":20,"column":12},"end":{"line":20,"column":41}},"7":{"start":{"line":30,"column":8},"end":{"line":30,"column":41}},"8":{"start":{"line":36,"column":8},"end":{"line":36,"column":43}},"9":{"start":{"line":36,"column":31},"end":{"line":36,"column":43}},"10":{"start":{"line":37,"column":8},"end":{"line":37,"column":41}},"11":{"start":{"line":41,"column":8},"end":{"line":41,"column":43}},"12":{"start":{"line":41,"column":31},"end":{"line":41,"column":43}},"13":{"start":{"line":42,"column":8},"end":{"line":42,"column":51}}},"branchMap":{"1":{"line":15,"type":"if","locations":[{"start":{"line":15,"column":8},"end":{"line":15,"column":8}},{"start":{"line":15,"column":8},"end":{"line":15,"column":8}}]},"2":{"line":36,"type":"if","locations":[{"start":{"line":36,"column":8},"end":{"line":36,"column":8}},{"start":{"line":36,"column":8},"end":{"line":36,"column":8}}]},"3":{"line":41,"type":"if","locations":[{"start":{"line":41,"column":8},"end":{"line":41,"column":8}},{"start":{"line":41,"column":8},"end":{"line":41,"column":8}}]}}},"contracts/test/MockProtocol.sol":{"l":{"29":13,"30":13},"path":"/home/d3f4ult/Desktop/ARIA/aria-contracts/contracts/test/MockProtocol.sol","s":{"1":13,"2":13},"b":{},"f":{"1":13},"fnMap":{"1":{"name":"swap","line":23,"loc":{"start":{"line":23,"column":4},"end":{"line":31,"column":4}}}},"statementMap":{"1":{"start":{"line":29,"column":8},"end":{"line":29,"column":76}},"2":{"start":{"line":30,"column":8},"end":{"line":30,"column":57}}},"branchMap":{}}}